Determining if the pthread_create exist failed with the following output:
Change Dir: /home/cruvadio/shallow_water_simulation/build/CMakeFiles/CMakeTmp

Run Build Command:"/usr/bin/make" "cmTC_7c969/fast"
/usr/bin/make -f CMakeFiles/cmTC_7c969.dir/build.make CMakeFiles/cmTC_7c969.dir/build
make[1]: вход в каталог «/home/cruvadio/shallow_water_simulation/build/CMakeFiles/CMakeTmp»
Building C object CMakeFiles/cmTC_7c969.dir/CheckSymbolExists.c.o
/usr/bin/gcc-7    -o CMakeFiles/cmTC_7c969.dir/CheckSymbolExists.c.o   -c /home/cruvadio/shallow_water_simulation/build/CMakeFiles/CMakeTmp/CheckSymbolExists.c
Linking C executable cmTC_7c969
/usr/bin/cmake -E cmake_link_script CMakeFiles/cmTC_7c969.dir/link.txt --verbose=1
/usr/bin/gcc-7      -rdynamic CMakeFiles/cmTC_7c969.dir/CheckSymbolExists.c.o  -o cmTC_7c969 
CMakeFiles/cmTC_7c969.dir/CheckSymbolExists.c.o: In function `main':
CheckSymbolExists.c:(.text+0x1b): undefined reference to `pthread_create'
collect2: error: ld returned 1 exit status
CMakeFiles/cmTC_7c969.dir/build.make:97: recipe for target 'cmTC_7c969' failed
make[1]: *** [cmTC_7c969] Error 1
make[1]: выход из каталога «/home/cruvadio/shallow_water_simulation/build/CMakeFiles/CMakeTmp»
Makefile:126: recipe for target 'cmTC_7c969/fast' failed
make: *** [cmTC_7c969/fast] Error 2

File /home/cruvadio/shallow_water_simulation/build/CMakeFiles/CMakeTmp/CheckSymbolExists.c:
/* */
#include <pthread.h>

int main(int argc, char** argv)
{
  (void)argv;
#ifndef pthread_create
  return ((int*)(&pthread_create))[argc];
#else
  (void)argc;
  return 0;
#endif
}

Determining if the function pthread_create exists in the pthreads failed with the following output:
Change Dir: /home/cruvadio/shallow_water_simulation/build/CMakeFiles/CMakeTmp

Run Build Command:"/usr/bin/make" "cmTC_a320e/fast"
/usr/bin/make -f CMakeFiles/cmTC_a320e.dir/build.make CMakeFiles/cmTC_a320e.dir/build
make[1]: вход в каталог «/home/cruvadio/shallow_water_simulation/build/CMakeFiles/CMakeTmp»
Building C object CMakeFiles/cmTC_a320e.dir/CheckFunctionExists.c.o
/usr/bin/gcc-7   -DCHECK_FUNCTION_EXISTS=pthread_create   -o CMakeFiles/cmTC_a320e.dir/CheckFunctionExists.c.o   -c /usr/share/cmake-3.10/Modules/CheckFunctionExists.c
Linking C executable cmTC_a320e
/usr/bin/cmake -E cmake_link_script CMakeFiles/cmTC_a320e.dir/link.txt --verbose=1
/usr/bin/gcc-7  -DCHECK_FUNCTION_EXISTS=pthread_create    -rdynamic CMakeFiles/cmTC_a320e.dir/CheckFunctionExists.c.o  -o cmTC_a320e -lpthreads 
/usr/bin/ld: cannot find -lpthreads
collect2: error: ld returned 1 exit status
CMakeFiles/cmTC_a320e.dir/build.make:97: recipe for target 'cmTC_a320e' failed
make[1]: *** [cmTC_a320e] Error 1
make[1]: выход из каталога «/home/cruvadio/shallow_water_simulation/build/CMakeFiles/CMakeTmp»
Makefile:126: recipe for target 'cmTC_a320e/fast' failed
make: *** [cmTC_a320e/fast] Error 2


